0 info it worked if it ends with ok
1 verbose cli [ '/nix/store/ajr6i77s89gjfjm59aazc16b5rvb39n7-nodejs-4.3.1/bin/node',
1 verbose cli   '/mnt/shared/sbin/npm',
1 verbose cli   'install',
1 verbose cli   'growl',
1 verbose cli   '1.10.5' ]
2 info using npm@2.14.12
3 info using node@v4.3.1
4 verbose install initial load of /home/ubuntu/code_new/introduction-to/more/mongo/muber/package.json
5 warn package.json muber@1.0.0 No description
6 warn package.json muber@1.0.0 No repository field.
7 warn package.json muber@1.0.0 No README data
8 verbose installManyTop reading scoped package data from /home/ubuntu/code_new/introduction-to/more/mongo/muber/node_modules/abbrev/package.json
9 verbose installManyTop reading scoped package data from /home/ubuntu/code_new/introduction-to/more/mongo/muber/node_modules/accepts/package.json
10 verbose installManyTop reading scoped package data from /home/ubuntu/code_new/introduction-to/more/mongo/muber/node_modules/ansi-align/package.json
11 verbose installManyTop reading scoped package data from /home/ubuntu/code_new/introduction-to/more/mongo/muber/node_modules/ansi-regex/package.json
12 verbose installManyTop reading scoped package data from /home/ubuntu/code_new/introduction-to/more/mongo/muber/node_modules/ansi-styles/package.json
13 verbose installManyTop reading scoped package data from /home/ubuntu/code_new/introduction-to/more/mongo/muber/node_modules/anymatch/package.json
14 verbose installManyTop reading scoped package data from /home/ubuntu/code_new/introduction-to/more/mongo/muber/node_modules/arr-diff/package.json
15 verbose installManyTop reading scoped package data from /home/ubuntu/code_new/introduction-to/more/mongo/muber/node_modules/arr-flatten/package.json
16 verbose installManyTop reading scoped package data from /home/ubuntu/code_new/introduction-to/more/mongo/muber/node_modules/array-flatten/package.json
17 verbose installManyTop reading scoped package data from /home/ubuntu/code_new/introduction-to/more/mongo/muber/node_modules/array-unique/package.json
18 verbose installManyTop reading scoped package data from /home/ubuntu/code_new/introduction-to/more/mongo/muber/node_modules/async/package.json
19 verbose installManyTop reading scoped package data from /home/ubuntu/code_new/introduction-to/more/mongo/muber/node_modules/async-each/package.json
20 verbose installManyTop reading scoped package data from /home/ubuntu/code_new/introduction-to/more/mongo/muber/node_modules/asynckit/package.json
21 verbose installManyTop reading scoped package data from /home/ubuntu/code_new/introduction-to/more/mongo/muber/node_modules/balanced-match/package.json
22 verbose installManyTop reading scoped package data from /home/ubuntu/code_new/introduction-to/more/mongo/muber/node_modules/binary-extensions/package.json
23 verbose installManyTop reading scoped package data from /home/ubuntu/code_new/introduction-to/more/mongo/muber/node_modules/bluebird/package.json
24 verbose installManyTop reading scoped package data from /home/ubuntu/code_new/introduction-to/more/mongo/muber/node_modules/body-parser/package.json
25 verbose installManyTop reading scoped package data from /home/ubuntu/code_new/introduction-to/more/mongo/muber/node_modules/boxen/package.json
26 verbose installManyTop reading scoped package data from /home/ubuntu/code_new/introduction-to/more/mongo/muber/node_modules/brace-expansion/package.json
27 verbose installManyTop reading scoped package data from /home/ubuntu/code_new/introduction-to/more/mongo/muber/node_modules/braces/package.json
28 verbose installManyTop reading scoped package data from /home/ubuntu/code_new/introduction-to/more/mongo/muber/node_modules/browser-stdout/package.json
29 verbose installManyTop reading scoped package data from /home/ubuntu/code_new/introduction-to/more/mongo/muber/node_modules/bson/package.json
30 verbose installManyTop reading scoped package data from /home/ubuntu/code_new/introduction-to/more/mongo/muber/node_modules/buffer-shims/package.json
31 verbose installManyTop reading scoped package data from /home/ubuntu/code_new/introduction-to/more/mongo/muber/node_modules/bytes/package.json
32 verbose installManyTop reading scoped package data from /home/ubuntu/code_new/introduction-to/more/mongo/muber/node_modules/camelcase/package.json
33 verbose installManyTop reading scoped package data from /home/ubuntu/code_new/introduction-to/more/mongo/muber/node_modules/capture-stack-trace/package.json
34 verbose installManyTop reading scoped package data from /home/ubuntu/code_new/introduction-to/more/mongo/muber/node_modules/chalk/package.json
35 verbose installManyTop reading scoped package data from /home/ubuntu/code_new/introduction-to/more/mongo/muber/node_modules/chokidar/package.json
36 verbose installManyTop reading scoped package data from /home/ubuntu/code_new/introduction-to/more/mongo/muber/node_modules/cli-boxes/package.json
37 verbose installManyTop reading scoped package data from /home/ubuntu/code_new/introduction-to/more/mongo/muber/node_modules/code-point-at/package.json
38 verbose installManyTop reading scoped package data from /home/ubuntu/code_new/introduction-to/more/mongo/muber/node_modules/color-convert/package.json
39 verbose installManyTop reading scoped package data from /home/ubuntu/code_new/introduction-to/more/mongo/muber/node_modules/color-name/package.json
40 verbose installManyTop reading scoped package data from /home/ubuntu/code_new/introduction-to/more/mongo/muber/node_modules/combined-stream/package.json
41 verbose installManyTop reading scoped package data from /home/ubuntu/code_new/introduction-to/more/mongo/muber/node_modules/commander/package.json
42 verbose installManyTop reading scoped package data from /home/ubuntu/code_new/introduction-to/more/mongo/muber/node_modules/component-emitter/package.json
43 verbose installManyTop reading scoped package data from /home/ubuntu/code_new/introduction-to/more/mongo/muber/node_modules/concat-map/package.json
44 verbose installManyTop reading scoped package data from /home/ubuntu/code_new/introduction-to/more/mongo/muber/node_modules/configstore/package.json
45 verbose installManyTop reading scoped package data from /home/ubuntu/code_new/introduction-to/more/mongo/muber/node_modules/content-disposition/package.json
46 verbose installManyTop reading scoped package data from /home/ubuntu/code_new/introduction-to/more/mongo/muber/node_modules/content-type/package.json
47 verbose installManyTop reading scoped package data from /home/ubuntu/code_new/introduction-to/more/mongo/muber/node_modules/cookie/package.json
48 verbose installManyTop reading scoped package data from /home/ubuntu/code_new/introduction-to/more/mongo/muber/node_modules/cookie-signature/package.json
49 verbose installManyTop reading scoped package data from /home/ubuntu/code_new/introduction-to/more/mongo/muber/node_modules/cookiejar/package.json
50 verbose installManyTop reading scoped package data from /home/ubuntu/code_new/introduction-to/more/mongo/muber/node_modules/core-util-is/package.json
51 verbose installManyTop reading scoped package data from /home/ubuntu/code_new/introduction-to/more/mongo/muber/node_modules/create-error-class/package.json
52 verbose installManyTop reading scoped package data from /home/ubuntu/code_new/introduction-to/more/mongo/muber/node_modules/cross-spawn/package.json
53 verbose installManyTop reading scoped package data from /home/ubuntu/code_new/introduction-to/more/mongo/muber/node_modules/crypto-random-string/package.json
54 verbose installManyTop reading scoped package data from /home/ubuntu/code_new/introduction-to/more/mongo/muber/node_modules/debug/package.json
55 verbose installManyTop reading scoped package data from /home/ubuntu/code_new/introduction-to/more/mongo/muber/node_modules/deep-extend/package.json
56 verbose installManyTop reading scoped package data from /home/ubuntu/code_new/introduction-to/more/mongo/muber/node_modules/delayed-stream/package.json
57 verbose installManyTop reading scoped package data from /home/ubuntu/code_new/introduction-to/more/mongo/muber/node_modules/depd/package.json
58 verbose installManyTop reading scoped package data from /home/ubuntu/code_new/introduction-to/more/mongo/muber/node_modules/destroy/package.json
59 verbose installManyTop reading scoped package data from /home/ubuntu/code_new/introduction-to/more/mongo/muber/node_modules/diff/package.json
60 verbose installManyTop reading scoped package data from /home/ubuntu/code_new/introduction-to/more/mongo/muber/node_modules/dot-prop/package.json
61 verbose installManyTop reading scoped package data from /home/ubuntu/code_new/introduction-to/more/mongo/muber/node_modules/duplexer/package.json
62 verbose installManyTop reading scoped package data from /home/ubuntu/code_new/introduction-to/more/mongo/muber/node_modules/duplexer3/package.json
63 verbose installManyTop reading scoped package data from /home/ubuntu/code_new/introduction-to/more/mongo/muber/node_modules/ee-first/package.json
64 verbose installManyTop reading scoped package data from /home/ubuntu/code_new/introduction-to/more/mongo/muber/node_modules/encodeurl/package.json
65 verbose installManyTop reading scoped package data from /home/ubuntu/code_new/introduction-to/more/mongo/muber/node_modules/es6-promise/package.json
66 verbose installManyTop reading scoped package data from /home/ubuntu/code_new/introduction-to/more/mongo/muber/node_modules/escape-html/package.json
67 verbose installManyTop reading scoped package data from /home/ubuntu/code_new/introduction-to/more/mongo/muber/node_modules/escape-string-regexp/package.json
68 verbose installManyTop reading scoped package data from /home/ubuntu/code_new/introduction-to/more/mongo/muber/node_modules/etag/package.json
69 verbose installManyTop reading scoped package data from /home/ubuntu/code_new/introduction-to/more/mongo/muber/node_modules/event-stream/package.json
70 verbose installManyTop reading scoped package data from /home/ubuntu/code_new/introduction-to/more/mongo/muber/node_modules/execa/package.json
71 verbose installManyTop reading scoped package data from /home/ubuntu/code_new/introduction-to/more/mongo/muber/node_modules/expand-brackets/package.json
72 verbose installManyTop reading scoped package data from /home/ubuntu/code_new/introduction-to/more/mongo/muber/node_modules/expand-range/package.json
73 verbose installManyTop reading scoped package data from /home/ubuntu/code_new/introduction-to/more/mongo/muber/node_modules/express/package.json
74 verbose installManyTop reading scoped package data from /home/ubuntu/code_new/introduction-to/more/mongo/muber/node_modules/extend/package.json
75 verbose installManyTop reading scoped package data from /home/ubuntu/code_new/introduction-to/more/mongo/muber/node_modules/extglob/package.json
76 verbose installManyTop reading scoped package data from /home/ubuntu/code_new/introduction-to/more/mongo/muber/node_modules/filename-regex/package.json
77 verbose installManyTop reading scoped package data from /home/ubuntu/code_new/introduction-to/more/mongo/muber/node_modules/fill-range/package.json
78 verbose installManyTop reading scoped package data from /home/ubuntu/code_new/introduction-to/more/mongo/muber/node_modules/finalhandler/package.json
79 verbose installManyTop reading scoped package data from /home/ubuntu/code_new/introduction-to/more/mongo/muber/node_modules/for-in/package.json
80 verbose installManyTop reading scoped package data from /home/ubuntu/code_new/introduction-to/more/mongo/muber/node_modules/for-own/package.json
81 verbose installManyTop reading scoped package data from /home/ubuntu/code_new/introduction-to/more/mongo/muber/node_modules/form-data/package.json
82 verbose installManyTop reading scoped package data from /home/ubuntu/code_new/introduction-to/more/mongo/muber/node_modules/formidable/package.json
83 verbose installManyTop reading scoped package data from /home/ubuntu/code_new/introduction-to/more/mongo/muber/node_modules/forwarded/package.json
84 verbose installManyTop reading scoped package data from /home/ubuntu/code_new/introduction-to/more/mongo/muber/node_modules/fresh/package.json
85 verbose installManyTop reading scoped package data from /home/ubuntu/code_new/introduction-to/more/mongo/muber/node_modules/from/package.json
86 verbose installManyTop reading scoped package data from /home/ubuntu/code_new/introduction-to/more/mongo/muber/node_modules/fs.realpath/package.json
87 verbose installManyTop reading scoped package data from /home/ubuntu/code_new/introduction-to/more/mongo/muber/node_modules/get-stream/package.json
88 verbose installManyTop reading scoped package data from /home/ubuntu/code_new/introduction-to/more/mongo/muber/node_modules/glob/package.json
89 verbose installManyTop reading scoped package data from /home/ubuntu/code_new/introduction-to/more/mongo/muber/node_modules/glob-base/package.json
90 verbose installManyTop reading scoped package data from /home/ubuntu/code_new/introduction-to/more/mongo/muber/node_modules/glob-parent/package.json
91 verbose installManyTop reading scoped package data from /home/ubuntu/code_new/introduction-to/more/mongo/muber/node_modules/got/package.json
92 verbose installManyTop reading scoped package data from /home/ubuntu/code_new/introduction-to/more/mongo/muber/node_modules/graceful-fs/package.json
93 verbose installManyTop reading scoped package data from /home/ubuntu/code_new/introduction-to/more/mongo/muber/node_modules/graceful-readlink/package.json
94 verbose installManyTop reading scoped package data from /home/ubuntu/code_new/introduction-to/more/mongo/muber/node_modules/growl/package.json
95 verbose installManyTop reading scoped package data from /home/ubuntu/code_new/introduction-to/more/mongo/muber/node_modules/has-ansi/package.json
96 verbose installManyTop reading scoped package data from /home/ubuntu/code_new/introduction-to/more/mongo/muber/node_modules/has-flag/package.json
97 verbose installManyTop reading scoped package data from /home/ubuntu/code_new/introduction-to/more/mongo/muber/node_modules/he/package.json
98 verbose installManyTop reading scoped package data from /home/ubuntu/code_new/introduction-to/more/mongo/muber/node_modules/hooks-fixed/package.json
99 verbose installManyTop reading scoped package data from /home/ubuntu/code_new/introduction-to/more/mongo/muber/node_modules/http-errors/package.json
100 verbose installManyTop reading scoped package data from /home/ubuntu/code_new/introduction-to/more/mongo/muber/node_modules/iconv-lite/package.json
101 verbose installManyTop reading scoped package data from /home/ubuntu/code_new/introduction-to/more/mongo/muber/node_modules/ignore-by-default/package.json
102 verbose installManyTop reading scoped package data from /home/ubuntu/code_new/introduction-to/more/mongo/muber/node_modules/import-lazy/package.json
103 verbose installManyTop reading scoped package data from /home/ubuntu/code_new/introduction-to/more/mongo/muber/node_modules/imurmurhash/package.json
104 verbose installManyTop reading scoped package data from /home/ubuntu/code_new/introduction-to/more/mongo/muber/node_modules/inflight/package.json
105 verbose installManyTop reading scoped package data from /home/ubuntu/code_new/introduction-to/more/mongo/muber/node_modules/inherits/package.json
106 verbose installManyTop reading scoped package data from /home/ubuntu/code_new/introduction-to/more/mongo/muber/node_modules/ini/package.json
107 verbose installManyTop reading scoped package data from /home/ubuntu/code_new/introduction-to/more/mongo/muber/node_modules/ipaddr.js/package.json
108 verbose installManyTop reading scoped package data from /home/ubuntu/code_new/introduction-to/more/mongo/muber/node_modules/is-binary-path/package.json
109 verbose installManyTop reading scoped package data from /home/ubuntu/code_new/introduction-to/more/mongo/muber/node_modules/is-buffer/package.json
110 verbose installManyTop reading scoped package data from /home/ubuntu/code_new/introduction-to/more/mongo/muber/node_modules/is-dotfile/package.json
111 verbose installManyTop reading scoped package data from /home/ubuntu/code_new/introduction-to/more/mongo/muber/node_modules/is-equal-shallow/package.json
112 verbose installManyTop reading scoped package data from /home/ubuntu/code_new/introduction-to/more/mongo/muber/node_modules/is-extendable/package.json
113 verbose installManyTop reading scoped package data from /home/ubuntu/code_new/introduction-to/more/mongo/muber/node_modules/is-extglob/package.json
114 verbose installManyTop reading scoped package data from /home/ubuntu/code_new/introduction-to/more/mongo/muber/node_modules/is-fullwidth-code-point/package.json
115 verbose installManyTop reading scoped package data from /home/ubuntu/code_new/introduction-to/more/mongo/muber/node_modules/is-glob/package.json
116 verbose installManyTop reading scoped package data from /home/ubuntu/code_new/introduction-to/more/mongo/muber/node_modules/is-npm/package.json
117 verbose installManyTop reading scoped package data from /home/ubuntu/code_new/introduction-to/more/mongo/muber/node_modules/is-number/package.json
118 verbose installManyTop reading scoped package data from /home/ubuntu/code_new/introduction-to/more/mongo/muber/node_modules/is-obj/package.json
119 verbose installManyTop reading scoped package data from /home/ubuntu/code_new/introduction-to/more/mongo/muber/node_modules/is-posix-bracket/package.json
120 verbose installManyTop reading scoped package data from /home/ubuntu/code_new/introduction-to/more/mongo/muber/node_modules/is-primitive/package.json
121 verbose installManyTop reading scoped package data from /home/ubuntu/code_new/introduction-to/more/mongo/muber/node_modules/is-redirect/package.json
122 verbose installManyTop reading scoped package data from /home/ubuntu/code_new/introduction-to/more/mongo/muber/node_modules/is-retry-allowed/package.json
123 verbose installManyTop reading scoped package data from /home/ubuntu/code_new/introduction-to/more/mongo/muber/node_modules/is-stream/package.json
124 verbose installManyTop reading scoped package data from /home/ubuntu/code_new/introduction-to/more/mongo/muber/node_modules/isarray/package.json
125 verbose installManyTop reading scoped package data from /home/ubuntu/code_new/introduction-to/more/mongo/muber/node_modules/isexe/package.json
126 verbose installManyTop reading scoped package data from /home/ubuntu/code_new/introduction-to/more/mongo/muber/node_modules/isobject/package.json
127 verbose installManyTop reading scoped package data from /home/ubuntu/code_new/introduction-to/more/mongo/muber/node_modules/json3/package.json
128 verbose installManyTop reading scoped package data from /home/ubuntu/code_new/introduction-to/more/mongo/muber/node_modules/kareem/package.json
129 verbose installManyTop reading scoped package data from /home/ubuntu/code_new/introduction-to/more/mongo/muber/node_modules/kind-of/package.json
130 verbose installManyTop reading scoped package data from /home/ubuntu/code_new/introduction-to/more/mongo/muber/node_modules/latest-version/package.json
131 verbose installManyTop reading scoped package data from /home/ubuntu/code_new/introduction-to/more/mongo/muber/node_modules/lodash/package.json
132 verbose installManyTop reading scoped package data from /home/ubuntu/code_new/introduction-to/more/mongo/muber/node_modules/lodash._baseassign/package.json
133 verbose installManyTop reading scoped package data from /home/ubuntu/code_new/introduction-to/more/mongo/muber/node_modules/lodash._basecopy/package.json
134 verbose installManyTop reading scoped package data from /home/ubuntu/code_new/introduction-to/more/mongo/muber/node_modules/lodash._basecreate/package.json
135 verbose installManyTop reading scoped package data from /home/ubuntu/code_new/introduction-to/more/mongo/muber/node_modules/lodash._bindcallback/package.json
136 verbose installManyTop reading scoped package data from /home/ubuntu/code_new/introduction-to/more/mongo/muber/node_modules/lodash._createassigner/package.json
137 verbose installManyTop reading scoped package data from /home/ubuntu/code_new/introduction-to/more/mongo/muber/node_modules/lodash._getnative/package.json
138 verbose installManyTop reading scoped package data from /home/ubuntu/code_new/introduction-to/more/mongo/muber/node_modules/lodash._isiterateecall/package.json
139 verbose installManyTop reading scoped package data from /home/ubuntu/code_new/introduction-to/more/mongo/muber/node_modules/lodash.assign/package.json
140 verbose installManyTop reading scoped package data from /home/ubuntu/code_new/introduction-to/more/mongo/muber/node_modules/lodash.create/package.json
141 verbose installManyTop reading scoped package data from /home/ubuntu/code_new/introduction-to/more/mongo/muber/node_modules/lodash.defaults/package.json
142 verbose installManyTop reading scoped package data from /home/ubuntu/code_new/introduction-to/more/mongo/muber/node_modules/lodash.isarguments/package.json
143 verbose installManyTop reading scoped package data from /home/ubuntu/code_new/introduction-to/more/mongo/muber/node_modules/lodash.isarray/package.json
144 verbose installManyTop reading scoped package data from /home/ubuntu/code_new/introduction-to/more/mongo/muber/node_modules/lodash.keys/package.json
145 verbose installManyTop reading scoped package data from /home/ubuntu/code_new/introduction-to/more/mongo/muber/node_modules/lodash.restparam/package.json
146 verbose installManyTop reading scoped package data from /home/ubuntu/code_new/introduction-to/more/mongo/muber/node_modules/lowercase-keys/package.json
147 verbose installManyTop reading scoped package data from /home/ubuntu/code_new/introduction-to/more/mongo/muber/node_modules/lru-cache/package.json
148 verbose installManyTop reading scoped package data from /home/ubuntu/code_new/introduction-to/more/mongo/muber/node_modules/make-dir/package.json
149 verbose installManyTop reading scoped package data from /home/ubuntu/code_new/introduction-to/more/mongo/muber/node_modules/map-stream/package.json
150 verbose installManyTop reading scoped package data from /home/ubuntu/code_new/introduction-to/more/mongo/muber/node_modules/media-typer/package.json
151 verbose installManyTop reading scoped package data from /home/ubuntu/code_new/introduction-to/more/mongo/muber/node_modules/merge-descriptors/package.json
152 verbose installManyTop reading scoped package data from /home/ubuntu/code_new/introduction-to/more/mongo/muber/node_modules/methods/package.json
153 verbose installManyTop reading scoped package data from /home/ubuntu/code_new/introduction-to/more/mongo/muber/node_modules/micromatch/package.json
154 verbose installManyTop reading scoped package data from /home/ubuntu/code_new/introduction-to/more/mongo/muber/node_modules/mime/package.json
155 verbose installManyTop reading scoped package data from /home/ubuntu/code_new/introduction-to/more/mongo/muber/node_modules/mime-db/package.json
156 verbose installManyTop reading scoped package data from /home/ubuntu/code_new/introduction-to/more/mongo/muber/node_modules/mime-types/package.json
157 verbose installManyTop reading scoped package data from /home/ubuntu/code_new/introduction-to/more/mongo/muber/node_modules/minimatch/package.json
158 verbose installManyTop reading scoped package data from /home/ubuntu/code_new/introduction-to/more/mongo/muber/node_modules/minimist/package.json
159 verbose installManyTop reading scoped package data from /home/ubuntu/code_new/introduction-to/more/mongo/muber/node_modules/mkdirp/package.json
160 verbose installManyTop reading scoped package data from /home/ubuntu/code_new/introduction-to/more/mongo/muber/node_modules/mocha/package.json
161 verbose installManyTop reading scoped package data from /home/ubuntu/code_new/introduction-to/more/mongo/muber/node_modules/mongodb/package.json
162 verbose installManyTop reading scoped package data from /home/ubuntu/code_new/introduction-to/more/mongo/muber/node_modules/mongodb-core/package.json
163 verbose installManyTop reading scoped package data from /home/ubuntu/code_new/introduction-to/more/mongo/muber/node_modules/mongoose/package.json
164 verbose installManyTop reading scoped package data from /home/ubuntu/code_new/introduction-to/more/mongo/muber/node_modules/mpath/package.json
165 verbose installManyTop reading scoped package data from /home/ubuntu/code_new/introduction-to/more/mongo/muber/node_modules/mpromise/package.json
166 verbose installManyTop reading scoped package data from /home/ubuntu/code_new/introduction-to/more/mongo/muber/node_modules/mquery/package.json
167 verbose installManyTop reading scoped package data from /home/ubuntu/code_new/introduction-to/more/mongo/muber/node_modules/ms/package.json
168 verbose installManyTop reading scoped package data from /home/ubuntu/code_new/introduction-to/more/mongo/muber/node_modules/muri/package.json
169 verbose installManyTop reading scoped package data from /home/ubuntu/code_new/introduction-to/more/mongo/muber/node_modules/negotiator/package.json
170 verbose installManyTop reading scoped package data from /home/ubuntu/code_new/introduction-to/more/mongo/muber/node_modules/node-growl/package.json
171 verbose installManyTop reading scoped package data from /home/ubuntu/code_new/introduction-to/more/mongo/muber/node_modules/nodemon/package.json
172 verbose installManyTop reading scoped package data from /home/ubuntu/code_new/introduction-to/more/mongo/muber/node_modules/nopt/package.json
173 verbose installManyTop reading scoped package data from /home/ubuntu/code_new/introduction-to/more/mongo/muber/node_modules/normalize-path/package.json
174 verbose installManyTop reading scoped package data from /home/ubuntu/code_new/introduction-to/more/mongo/muber/node_modules/npm-run-path/package.json
175 verbose installManyTop reading scoped package data from /home/ubuntu/code_new/introduction-to/more/mongo/muber/node_modules/number-is-nan/package.json
176 verbose installManyTop reading scoped package data from /home/ubuntu/code_new/introduction-to/more/mongo/muber/node_modules/object.omit/package.json
177 verbose installManyTop reading scoped package data from /home/ubuntu/code_new/introduction-to/more/mongo/muber/node_modules/on-finished/package.json
178 verbose installManyTop reading scoped package data from /home/ubuntu/code_new/introduction-to/more/mongo/muber/node_modules/once/package.json
179 verbose installManyTop reading scoped package data from /home/ubuntu/code_new/introduction-to/more/mongo/muber/node_modules/p-finally/package.json
180 verbose installManyTop reading scoped package data from /home/ubuntu/code_new/introduction-to/more/mongo/muber/node_modules/package-json/package.json
181 verbose installManyTop reading scoped package data from /home/ubuntu/code_new/introduction-to/more/mongo/muber/node_modules/parse-glob/package.json
182 verbose installManyTop reading scoped package data from /home/ubuntu/code_new/introduction-to/more/mongo/muber/node_modules/parseurl/package.json
183 verbose installManyTop reading scoped package data from /home/ubuntu/code_new/introduction-to/more/mongo/muber/node_modules/path-is-absolute/package.json
184 verbose installManyTop reading scoped package data from /home/ubuntu/code_new/introduction-to/more/mongo/muber/node_modules/path-key/package.json
185 verbose installManyTop reading scoped package data from /home/ubuntu/code_new/introduction-to/more/mongo/muber/node_modules/path-to-regexp/package.json
186 verbose installManyTop reading scoped package data from /home/ubuntu/code_new/introduction-to/more/mongo/muber/node_modules/pause-stream/package.json
187 verbose installManyTop reading scoped package data from /home/ubuntu/code_new/introduction-to/more/mongo/muber/node_modules/pify/package.json
188 verbose installManyTop reading scoped package data from /home/ubuntu/code_new/introduction-to/more/mongo/muber/node_modules/prepend-http/package.json
189 verbose installManyTop reading scoped package data from /home/ubuntu/code_new/introduction-to/more/mongo/muber/node_modules/preserve/package.json
190 verbose installManyTop reading scoped package data from /home/ubuntu/code_new/introduction-to/more/mongo/muber/node_modules/process-nextick-args/package.json
191 verbose installManyTop reading scoped package data from /home/ubuntu/code_new/introduction-to/more/mongo/muber/node_modules/proxy-addr/package.json
192 verbose installManyTop reading scoped package data from /home/ubuntu/code_new/introduction-to/more/mongo/muber/node_modules/ps-tree/package.json
193 verbose installManyTop reading scoped package data from /home/ubuntu/code_new/introduction-to/more/mongo/muber/node_modules/pseudomap/package.json
194 verbose installManyTop reading scoped package data from /home/ubuntu/code_new/introduction-to/more/mongo/muber/node_modules/qs/package.json
195 verbose installManyTop reading scoped package data from /home/ubuntu/code_new/introduction-to/more/mongo/muber/node_modules/randomatic/package.json
196 verbose installManyTop reading scoped package data from /home/ubuntu/code_new/introduction-to/more/mongo/muber/node_modules/range-parser/package.json
197 verbose installManyTop reading scoped package data from /home/ubuntu/code_new/introduction-to/more/mongo/muber/node_modules/raw-body/package.json
198 verbose installManyTop reading scoped package data from /home/ubuntu/code_new/introduction-to/more/mongo/muber/node_modules/rc/package.json
199 verbose installManyTop reading scoped package data from /home/ubuntu/code_new/introduction-to/more/mongo/muber/node_modules/readable-stream/package.json
200 verbose installManyTop reading scoped package data from /home/ubuntu/code_new/introduction-to/more/mongo/muber/node_modules/readdirp/package.json
201 verbose installManyTop reading scoped package data from /home/ubuntu/code_new/introduction-to/more/mongo/muber/node_modules/regex-cache/package.json
202 verbose installManyTop reading scoped package data from /home/ubuntu/code_new/introduction-to/more/mongo/muber/node_modules/regexp-clone/package.json
203 verbose installManyTop reading scoped package data from /home/ubuntu/code_new/introduction-to/more/mongo/muber/node_modules/registry-auth-token/package.json
204 verbose installManyTop reading scoped package data from /home/ubuntu/code_new/introduction-to/more/mongo/muber/node_modules/registry-url/package.json
205 verbose installManyTop reading scoped package data from /home/ubuntu/code_new/introduction-to/more/mongo/muber/node_modules/remove-trailing-separator/package.json
206 verbose installManyTop reading scoped package data from /home/ubuntu/code_new/introduction-to/more/mongo/muber/node_modules/repeat-element/package.json
207 verbose installManyTop reading scoped package data from /home/ubuntu/code_new/introduction-to/more/mongo/muber/node_modules/repeat-string/package.json
208 verbose installManyTop reading scoped package data from /home/ubuntu/code_new/introduction-to/more/mongo/muber/node_modules/require_optional/package.json
209 verbose installManyTop reading scoped package data from /home/ubuntu/code_new/introduction-to/more/mongo/muber/node_modules/resolve-from/package.json
210 verbose installManyTop reading scoped package data from /home/ubuntu/code_new/introduction-to/more/mongo/muber/node_modules/safe-buffer/package.json
211 verbose installManyTop reading scoped package data from /home/ubuntu/code_new/introduction-to/more/mongo/muber/node_modules/semver/package.json
212 verbose installManyTop reading scoped package data from /home/ubuntu/code_new/introduction-to/more/mongo/muber/node_modules/semver-diff/package.json
213 verbose installManyTop reading scoped package data from /home/ubuntu/code_new/introduction-to/more/mongo/muber/node_modules/send/package.json
214 verbose installManyTop reading scoped package data from /home/ubuntu/code_new/introduction-to/more/mongo/muber/node_modules/serve-static/package.json
215 verbose installManyTop reading scoped package data from /home/ubuntu/code_new/introduction-to/more/mongo/muber/node_modules/set-immediate-shim/package.json
216 verbose installManyTop reading scoped package data from /home/ubuntu/code_new/introduction-to/more/mongo/muber/node_modules/setprototypeof/package.json
217 verbose installManyTop reading scoped package data from /home/ubuntu/code_new/introduction-to/more/mongo/muber/node_modules/shebang-command/package.json
218 verbose installManyTop reading scoped package data from /home/ubuntu/code_new/introduction-to/more/mongo/muber/node_modules/shebang-regex/package.json
219 verbose installManyTop reading scoped package data from /home/ubuntu/code_new/introduction-to/more/mongo/muber/node_modules/signal-exit/package.json
220 verbose installManyTop reading scoped package data from /home/ubuntu/code_new/introduction-to/more/mongo/muber/node_modules/sliced/package.json
221 verbose installManyTop reading scoped package data from /home/ubuntu/code_new/introduction-to/more/mongo/muber/node_modules/split/package.json
222 verbose installManyTop reading scoped package data from /home/ubuntu/code_new/introduction-to/more/mongo/muber/node_modules/statuses/package.json
223 verbose installManyTop reading scoped package data from /home/ubuntu/code_new/introduction-to/more/mongo/muber/node_modules/stream-combiner/package.json
224 verbose installManyTop reading scoped package data from /home/ubuntu/code_new/introduction-to/more/mongo/muber/node_modules/string-width/package.json
225 verbose installManyTop reading scoped package data from /home/ubuntu/code_new/introduction-to/more/mongo/muber/node_modules/string_decoder/package.json
226 verbose installManyTop reading scoped package data from /home/ubuntu/code_new/introduction-to/more/mongo/muber/node_modules/strip-ansi/package.json
227 verbose installManyTop reading scoped package data from /home/ubuntu/code_new/introduction-to/more/mongo/muber/node_modules/strip-eof/package.json
228 verbose installManyTop reading scoped package data from /home/ubuntu/code_new/introduction-to/more/mongo/muber/node_modules/strip-json-comments/package.json
229 verbose installManyTop reading scoped package data from /home/ubuntu/code_new/introduction-to/more/mongo/muber/node_modules/superagent/package.json
230 verbose installManyTop reading scoped package data from /home/ubuntu/code_new/introduction-to/more/mongo/muber/node_modules/supertest/package.json
231 verbose installManyTop reading scoped package data from /home/ubuntu/code_new/introduction-to/more/mongo/muber/node_modules/supports-color/package.json
232 verbose installManyTop reading scoped package data from /home/ubuntu/code_new/introduction-to/more/mongo/muber/node_modules/term-size/package.json
233 verbose installManyTop reading scoped package data from /home/ubuntu/code_new/introduction-to/more/mongo/muber/node_modules/through/package.json
234 verbose installManyTop reading scoped package data from /home/ubuntu/code_new/introduction-to/more/mongo/muber/node_modules/timed-out/package.json
235 verbose installManyTop reading scoped package data from /home/ubuntu/code_new/introduction-to/more/mongo/muber/node_modules/touch/package.json
236 verbose installManyTop reading scoped package data from /home/ubuntu/code_new/introduction-to/more/mongo/muber/node_modules/type-is/package.json
237 verbose installManyTop reading scoped package data from /home/ubuntu/code_new/introduction-to/more/mongo/muber/node_modules/undefsafe/package.json
238 verbose installManyTop reading scoped package data from /home/ubuntu/code_new/introduction-to/more/mongo/muber/node_modules/unique-string/package.json
239 verbose installManyTop reading scoped package data from /home/ubuntu/code_new/introduction-to/more/mongo/muber/node_modules/unpipe/package.json
240 verbose installManyTop reading scoped package data from /home/ubuntu/code_new/introduction-to/more/mongo/muber/node_modules/unzip-response/package.json
241 verbose installManyTop reading scoped package data from /home/ubuntu/code_new/introduction-to/more/mongo/muber/node_modules/update-notifier/package.json
242 verbose installManyTop reading scoped package data from /home/ubuntu/code_new/introduction-to/more/mongo/muber/node_modules/url-parse-lax/package.json
243 verbose installManyTop reading scoped package data from /home/ubuntu/code_new/introduction-to/more/mongo/muber/node_modules/util-deprecate/package.json
244 verbose installManyTop reading scoped package data from /home/ubuntu/code_new/introduction-to/more/mongo/muber/node_modules/utils-merge/package.json
245 verbose installManyTop reading scoped package data from /home/ubuntu/code_new/introduction-to/more/mongo/muber/node_modules/vary/package.json
246 verbose installManyTop reading scoped package data from /home/ubuntu/code_new/introduction-to/more/mongo/muber/node_modules/which/package.json
247 verbose installManyTop reading scoped package data from /home/ubuntu/code_new/introduction-to/more/mongo/muber/node_modules/widest-line/package.json
248 verbose installManyTop reading scoped package data from /home/ubuntu/code_new/introduction-to/more/mongo/muber/node_modules/wrappy/package.json
249 verbose installManyTop reading scoped package data from /home/ubuntu/code_new/introduction-to/more/mongo/muber/node_modules/write-file-atomic/package.json
250 verbose installManyTop reading scoped package data from /home/ubuntu/code_new/introduction-to/more/mongo/muber/node_modules/xdg-basedir/package.json
251 verbose installManyTop reading scoped package data from /home/ubuntu/code_new/introduction-to/more/mongo/muber/node_modules/yallist/package.json
252 info package.json array-unique@0.2.1 license should be a valid SPDX license expression
253 info package.json duplexer@0.1.1 No license field.
254 info package.json glob-base@0.3.0 license should be a valid SPDX license expression
255 info package.json hooks-fixed@2.0.0 No license field.
256 info package.json is-primitive@2.0.0 license should be a valid SPDX license expression
257 info package.json kareem@1.5.0 license should be a valid SPDX license expression
258 info package.json json3@3.3.2 No license field.
259 info package.json map-stream@0.1.0 No license field.
260 info package.json nopt@1.0.10 license should be a valid SPDX license expression
261 info package.json pause-stream@0.0.11 license should be a valid SPDX license expression
262 info package.json preserve@0.2.0 license should be a valid SPDX license expression
263 info package.json repeat-element@1.1.2 license should be a valid SPDX license expression
264 info package.json undefsafe@0.0.3 license should be a valid SPDX license expression
265 info package.json string_decoder@1.0.3 string_decoder is also the name of a node core module.
266 verbose readDependencies loading dependencies from /home/ubuntu/code_new/introduction-to/more/mongo/muber/package.json
267 verbose install growl is installed as 1.9.2
268 silly cache add args [ 'growl', null ]
269 verbose cache add spec growl
270 silly cache add args [ '1.10.5', null ]
271 verbose cache add spec 1.10.5
272 silly cache add parsed spec Result {
272 silly cache add   raw: 'growl',
272 silly cache add   scope: null,
272 silly cache add   name: 'growl',
272 silly cache add   rawSpec: '',
272 silly cache add   spec: 'latest',
272 silly cache add   type: 'tag' }
273 silly addNamed growl@latest
274 verbose addNamed "latest" is being treated as a dist-tag for growl
275 info addNameTag [ 'growl', 'latest' ]
276 silly mapToRegistry name growl
277 silly mapToRegistry using default registry
278 silly mapToRegistry registry https://registry.npmjs.org/
279 silly mapToRegistry uri https://registry.npmjs.org/growl
280 verbose addNameTag registry:https://registry.npmjs.org/growl not in flight; fetching
281 silly cache add parsed spec Result {
281 silly cache add   raw: '1.10.5',
281 silly cache add   scope: null,
281 silly cache add   name: '1.10.5',
281 silly cache add   rawSpec: '',
281 silly cache add   spec: 'latest',
281 silly cache add   type: 'tag' }
282 silly addNamed 1.10.5@latest
283 verbose addNamed "latest" is being treated as a dist-tag for 1.10.5
284 info addNameTag [ '1.10.5', 'latest' ]
285 silly mapToRegistry name 1.10.5
286 silly mapToRegistry using default registry
287 silly mapToRegistry registry https://registry.npmjs.org/
288 silly mapToRegistry uri https://registry.npmjs.org/1.10.5
289 verbose addNameTag registry:https://registry.npmjs.org/1.10.5 not in flight; fetching
290 verbose request uri https://registry.npmjs.org/growl
291 verbose request no auth needed
292 info attempt registry request try #1 at 03:44:55
293 verbose request id fdc327ea74011e59
294 http request GET https://registry.npmjs.org/growl
295 verbose request uri https://registry.npmjs.org/1.10.5
296 verbose request no auth needed
297 info attempt registry request try #1 at 03:44:55
298 http request GET https://registry.npmjs.org/1.10.5
299 http 200 https://registry.npmjs.org/growl
300 verbose headers { date: 'Wed, 13 Jun 2018 03:44:55 GMT',
300 verbose headers   'content-type': 'application/json; charset=UTF-8',
300 verbose headers   'transfer-encoding': 'chunked',
300 verbose headers   connection: 'keep-alive',
300 verbose headers   'set-cookie': [ '__cfduid=d1c37b6be55a50e63f7e074bfe4d7bc3d1528861495; expires=Thu, 13-Jun-19 03:44:55 GMT; path=/; domain=.registry.npmjs.org; HttpOnly' ],
300 verbose headers   'cache-control': 'max-age=300',
300 verbose headers   'cf-cache-status': 'HIT',
300 verbose headers   'cf-ray': '42a18fbaa942b795-CDG',
300 verbose headers   etag: 'W/"03a81d3279ea8d2a06fb68c7d68a18c7"',
300 verbose headers   'expect-ct': 'max-age=604800, report-uri="https://report-uri.cloudflare.com/cdn-cgi/beacon/expect-ct"',
300 verbose headers   'last-modified': 'Sun, 27 May 2018 02:48:49 GMT',
300 verbose headers   vary: 'accept-encoding, accept',
300 verbose headers   server: 'cloudflare',
300 verbose headers   'content-encoding': 'gzip' }
301 silly get cb [ 200,
301 silly get   { date: 'Wed, 13 Jun 2018 03:44:55 GMT',
301 silly get     'content-type': 'application/json; charset=UTF-8',
301 silly get     'transfer-encoding': 'chunked',
301 silly get     connection: 'keep-alive',
301 silly get     'set-cookie': [ '__cfduid=d1c37b6be55a50e63f7e074bfe4d7bc3d1528861495; expires=Thu, 13-Jun-19 03:44:55 GMT; path=/; domain=.registry.npmjs.org; HttpOnly' ],
301 silly get     'cache-control': 'max-age=300',
301 silly get     'cf-cache-status': 'HIT',
301 silly get     'cf-ray': '42a18fbaa942b795-CDG',
301 silly get     etag: 'W/"03a81d3279ea8d2a06fb68c7d68a18c7"',
301 silly get     'expect-ct': 'max-age=604800, report-uri="https://report-uri.cloudflare.com/cdn-cgi/beacon/expect-ct"',
301 silly get     'last-modified': 'Sun, 27 May 2018 02:48:49 GMT',
301 silly get     vary: 'accept-encoding, accept',
301 silly get     server: 'cloudflare',
301 silly get     'content-encoding': 'gzip' } ]
302 verbose get saving growl to /home/ubuntu/.npm/registry.npmjs.org/growl/.cache.json
303 silly addNameTag next cb for growl with tag latest
304 silly addNamed growl@1.10.5
305 verbose addNamed "1.10.5" is a plain semver version for growl
306 silly mapToRegistry name growl
307 silly mapToRegistry using default registry
308 silly mapToRegistry registry https://registry.npmjs.org/
309 silly mapToRegistry uri https://registry.npmjs.org/growl
310 verbose addRemoteTarball https://registry.npmjs.org/growl/-/growl-1.10.5.tgz not in flight; adding
311 verbose addRemoteTarball [ 'https://registry.npmjs.org/growl/-/growl-1.10.5.tgz',
311 verbose addRemoteTarball   'f2735dc2283674fa67478b10181059355c369e5e' ]
312 info retry fetch attempt 1 at 03:44:55
313 info attempt registry request try #1 at 03:44:55
314 http fetch GET https://registry.npmjs.org/growl/-/growl-1.10.5.tgz
315 http fetch 200 https://registry.npmjs.org/growl/-/growl-1.10.5.tgz
316 silly fetchAndShaCheck shasum f2735dc2283674fa67478b10181059355c369e5e
317 verbose addTmpTarball /tmp/npm-1121-f85aef6d/registry.npmjs.org/growl/-/growl-1.10.5.tgz not in flight; adding
318 verbose addTmpTarball already have metadata; skipping unpack for growl@1.10.5
319 silly cache afterAdd growl@1.10.5
320 verbose afterAdd /home/ubuntu/.npm/growl/1.10.5/package/package.json not in flight; writing
321 verbose afterAdd /home/ubuntu/.npm/growl/1.10.5/package/package.json written
322 http 404 https://registry.npmjs.org/1.10.5
323 verbose headers { date: 'Wed, 13 Jun 2018 03:45:01 GMT',
323 verbose headers   'content-type': 'application/json',
323 verbose headers   'content-length': '21',
323 verbose headers   connection: 'keep-alive',
323 verbose headers   'set-cookie': [ '__cfduid=d83bd7d7b74c22a78d91ce6ffd096fa351528861500; expires=Thu, 13-Jun-19 03:45:00 GMT; path=/; domain=.registry.npmjs.org; HttpOnly' ],
323 verbose headers   'cache-control': 'max-age=300',
323 verbose headers   'cf-cache-status': 'MISS',
323 verbose headers   'cf-ray': '42a18fd9e893a881-CDG',
323 verbose headers   'expect-ct': 'max-age=604800, report-uri="https://report-uri.cloudflare.com/cdn-cgi/beacon/expect-ct"',
323 verbose headers   vary: 'accept-encoding, accept',
323 verbose headers   server: 'cloudflare' }
324 silly get cb [ 404,
324 silly get   { date: 'Wed, 13 Jun 2018 03:45:01 GMT',
324 silly get     'content-type': 'application/json',
324 silly get     'content-length': '21',
324 silly get     connection: 'keep-alive',
324 silly get     'set-cookie': [ '__cfduid=d83bd7d7b74c22a78d91ce6ffd096fa351528861500; expires=Thu, 13-Jun-19 03:45:00 GMT; path=/; domain=.registry.npmjs.org; HttpOnly' ],
324 silly get     'cache-control': 'max-age=300',
324 silly get     'cf-cache-status': 'MISS',
324 silly get     'cf-ray': '42a18fd9e893a881-CDG',
324 silly get     'expect-ct': 'max-age=604800, report-uri="https://report-uri.cloudflare.com/cdn-cgi/beacon/expect-ct"',
324 silly get     vary: 'accept-encoding, accept',
324 silly get     server: 'cloudflare' } ]
325 verbose stack Error: Not found : 1.10.5
325 verbose stack     at makeError (/nix/store/ajr6i77s89gjfjm59aazc16b5rvb39n7-nodejs-4.3.1/lib/node_modules/npm/node_modules/npm-registry-client/lib/request.js:264:12)
325 verbose stack     at CachingRegistryClient.<anonymous> (/nix/store/ajr6i77s89gjfjm59aazc16b5rvb39n7-nodejs-4.3.1/lib/node_modules/npm/node_modules/npm-registry-client/lib/request.js:252:14)
325 verbose stack     at Request._callback (/nix/store/ajr6i77s89gjfjm59aazc16b5rvb39n7-nodejs-4.3.1/lib/node_modules/npm/node_modules/npm-registry-client/lib/request.js:172:14)
325 verbose stack     at Request.self.callback (/nix/store/ajr6i77s89gjfjm59aazc16b5rvb39n7-nodejs-4.3.1/lib/node_modules/npm/node_modules/request/request.js:198:22)
325 verbose stack     at emitTwo (events.js:87:13)
325 verbose stack     at Request.emit (events.js:172:7)
325 verbose stack     at Request.<anonymous> (/nix/store/ajr6i77s89gjfjm59aazc16b5rvb39n7-nodejs-4.3.1/lib/node_modules/npm/node_modules/request/request.js:1082:10)
325 verbose stack     at emitOne (events.js:82:20)
325 verbose stack     at Request.emit (events.js:169:7)
325 verbose stack     at IncomingMessage.<anonymous> (/nix/store/ajr6i77s89gjfjm59aazc16b5rvb39n7-nodejs-4.3.1/lib/node_modules/npm/node_modules/request/request.js:1009:12)
326 verbose statusCode 404
327 verbose pkgid 1.10.5
328 verbose cwd /home/ubuntu/code_new/introduction-to/more/mongo/muber
329 error Linux 4.9.80-c9
330 error argv "/nix/store/ajr6i77s89gjfjm59aazc16b5rvb39n7-nodejs-4.3.1/bin/node" "/mnt/shared/sbin/npm" "install" "growl" "1.10.5"
331 error node v4.3.1
332 error npm  v2.14.12
333 error code E404
334 error 404 Not found : 1.10.5
334 error 404
334 error 404 '1.10.5' is not in the npm registry.
334 error 404 You should bug the author to publish it (or use the name yourself!)
334 error 404 It was specified as a dependency of 'muber'
334 error 404
334 error 404 Note that you can also install from a
334 error 404 tarball, folder, http url, or git url.
335 verbose exit [ 1, true ]
